[Thu, 29 Mar 2012 05:28:40 GMT] INFO Server starting with config: {
  "environment": "development",
  "workers": 1,
  "port": 4000,
  "debug": true,
  "rotateWorkers": false,
  "rotationWindow": 7200000,
  "rotationTimeout": 300000,
  "logDir": "C:\\src\\JeremyRyanGame\\geddygame\\log",
  "gracefulShutdownTimeout": 30000,
  "heartbeatInterval": 5000,
  "heartbeatWindow": 20000,
  "staticFilePath": "C:\\src\\JeremyRyanGame\\geddygame\\public",
  "sessions": {
    "store": "memory",
    "key": "sid",
    "expiry": 1209600
  },
  "cookieSessionKey": "sdata",
  "metrics": null,
  "i18n": {
    "defaultLocale": "en-us",
    "loadPaths": [
      "C:\\src\\JeremyRyanGame\\geddygame\\config\\locales"
    ]
  },
  "ssl": null,
  "model": {
    "useTimestamps": false,
    "forceCamel": true
  },
  "detailedErrors": true,
  "hostname": null
}
[Thu, 29 Mar 2012 05:28:40 GMT] INFO Creating 1 worker process.
[Thu, 29 Mar 2012 05:28:40 GMT] INFO Server worker running in development on port 4000 with a PID of: 7668
[Thu, 29 Mar 2012 05:28:40 GMT] DEBUG LOGGING STARTED ============================================
[Thu, 29 Mar 2012 05:28:40 GMT] DEBUG ============================================================
[Thu, 29 Mar 2012 05:28:47 GMT] INFO INTERN!
[Thu, 29 Mar 2012 05:28:47 GMT] INFO match type is  object
[Thu, 29 Mar 2012 05:28:47 GMT] INFO load in intern: game is null
[Thu, 29 Mar 2012 05:28:47 GMT] INFO create game is: {"id":"hiFHB83vVK","type":"Game"}
[Thu, 29 Mar 2012 05:29:35 GMT] INFO INTERN!
[Thu, 29 Mar 2012 05:29:35 GMT] INFO match type is  object
[Thu, 29 Mar 2012 05:29:35 GMT] INFO load in intern: game is null
[Thu, 29 Mar 2012 05:29:35 GMT] INFO create game is: {"id":"8t2snwIX5c","type":"Game"}
[Thu, 29 Mar 2012 05:30:25 GMT] INFO INTERN!
[Thu, 29 Mar 2012 05:30:25 GMT] INFO match type is  object
[Thu, 29 Mar 2012 05:30:25 GMT] INFO load in intern: game is null
[Thu, 29 Mar 2012 05:30:25 GMT] INFO create game is: {"id":"YzjobfEZiM","type":"Game"}
[Thu, 29 Mar 2012 05:30:35 GMT] INFO INTERN!
[Thu, 29 Mar 2012 05:30:35 GMT] INFO match type is  object
[Thu, 29 Mar 2012 05:30:35 GMT] INFO load in intern: game is {"id":"YzjobfEZiM","type":"Game"}
