[Fri, 30 Mar 2012 04:43:51 GMT] INFO Server starting with config: {
  "environment": "development",
  "workers": 1,
  "port": 4000,
  "debug": true,
  "rotateWorkers": false,
  "rotationWindow": 7200000,
  "rotationTimeout": 300000,
  "logDir": "/Users/luke/Game/geddygame/log",
  "gracefulShutdownTimeout": 30000,
  "heartbeatInterval": 5000,
  "heartbeatWindow": 20000,
  "staticFilePath": "/Users/luke/Game/geddygame/public",
  "sessions": {
    "store": "memory",
    "key": "sid",
    "expiry": 1209600
  },
  "cookieSessionKey": "sdata",
  "metrics": null,
  "i18n": {
    "defaultLocale": "en-us",
    "loadPaths": [
      "/Users/luke/Game/geddygame/config/locales"
    ]
  },
  "ssl": null,
  "model": {
    "useTimestamps": false,
    "forceCamel": true
  },
  "detailedErrors": true,
  "hostname": null
}
[Fri, 30 Mar 2012 04:43:51 GMT] INFO Creating 1 worker process.
[Fri, 30 Mar 2012 04:43:51 GMT] DEBUG Ensuring db connection.
[Fri, 30 Mar 2012 04:43:51 GMT] INFO Server worker running in development on port 4000 with a PID of: 10019
[Fri, 30 Mar 2012 04:43:51 GMT] DEBUG LOGGING STARTED ============================================
[Fri, 30 Mar 2012 04:43:51 GMT] DEBUG ============================================================
[Fri, 30 Mar 2012 04:43:51 GMT] DEBUG Opened MongoDB connection.
[Fri, 30 Mar 2012 04:44:03 GMT] INFO INTERN!
[Fri, 30 Mar 2012 04:44:03 GMT] INFO load in intern: game is null
[Fri, 30 Mar 2012 04:44:03 GMT] INFO create game is: {"id":"eOnp9mEnoj","type":"Game"}
[Fri, 30 Mar 2012 04:44:03 GMT] DEBUG Saving game: {"id":"eOnp9mEnoj","type":"Game"}
[Fri, 30 Mar 2012 04:44:03 GMT] DEBUG Found persist db connection.
[Fri, 30 Mar 2012 04:44:03 GMT] DEBUG Ensuring game collection
[Fri, 30 Mar 2012 04:44:03 GMT] DEBUG Got collection: [object Object]
[Fri, 30 Mar 2012 04:44:03 GMT] DEBUG TODO ryknuth: insert actual game when structure is complete.
[Fri, 30 Mar 2012 04:44:17 GMT] INFO ID:eOnp9mEnoj
[Fri, 30 Mar 2012 04:44:17 GMT] INFO drawData:[{"c":"l","p1":[],"p2":[129,73]},{"c":"l","p1":[129,73],"p2":[129,75]},{"c":"l","p1":[129,75],"p2":[129,77]},{"c":"l","p1":[129,77],"p2":[130,80]},{"c":"l","p1":[130,80],"p2":[132,86]},{"c":"l","p1":[132,86],"p2":[138,102]},{"c":"l","p1":[138,102],"p2":[145,113]},{"c":"l","p1":[145,113],"p2":[151,123]},{"c":"l","p1":[151,123],"p2":[158,136]},{"c":"l","p1":[158,136],"p2":[164,146]},{"c":"l","p1":[164,146],"p2":[178,157]},{"c":"l","p1":[178,157],"p2":[193,162]},{"c":"l","p1":[193,162],"p2":[207,162]},{"c":"l","p1":[207,162],"p2":[219,157]},{"c":"l","p1":[219,157],"p2":[230,148]},{"c":"l","p1":[230,148],"p2":[243,137]},{"c":"l","p1":[243,137],"p2":[254,124]},{"c":"l","p1":[254,124],"p2":[261,108]},{"c":"l","p1":[261,108],"p2":[264,100]},{"c":"l","p1":[264,100],"p2":[265,88]},{"c":"l","p1":[265,88],"p2":[265,74]},{"c":"l","p1":[265,74],"p2":[258,59]},{"c":"l","p1":[258,59],"p2":[252,49]},{"c":"l","p1":[252,49],"p2":[241,37]},{"c":"l","p1":[241,37],"p2":[230,32]},{"c":"l","p1":[230,32],"p2":[215,26]},{"c":"l","p1":[215,26],"p2":[203,25]},{"c":"l","p1":[203,25],"p2":[190,26]},{"c":"l","p1":[190,26],"p2":[174,30]},{"c":"l","p1":[174,30],"p2":[158,37]},{"c":"l","p1":[158,37],"p2":[146,46]},{"c":"l","p1":[146,46],"p2":[134,60]},{"c":"l","p1":[134,60],"p2":[127,71]},{"c":"l","p1":[127,71],"p2":[124,78]},{"c":"l","p1":[124,78],"p2":[123,85]},{"c":"l","p1":[123,85],"p2":[122,99]},{"c":"l","p1":[122,99],"p2":[122,110]},{"c":"l","p1":[122,110],"p2":[131,125]},{"c":"l","p1":[131,125],"p2":[142,138]},{"c":"l","p1":[],"p2":[217,159]},{"c":"l","p1":[217,159],"p2":[211,159]},{"c":"l","p1":[211,159],"p2":[206,159]},{"c":"l","p1":[206,159],"p2":[200,159]},{"c":"l","p1":[200,159],"p2":[195,158]},{"c":"l","p1":[195,158],"p2":[190,155]},{"c":"l","p1":[190,155],"p2":[183,152]},{"c":"l","p1":[183,152],"p2":[175,147]},{"c":"l","p1":[175,147],"p2":[167,143]},{"c":"l","p1":[167,143],"p2":[153,131]},{"c":"l","p1":[153,131],"p2":[147,122]},{"c":"l","p1":[147,122],"p2":[143,112]},{"c":"l","p1":[143,112],"p2":[139,100]},{"c":"l","p1":[139,100],"p2":[142,84]},{"c":"l","p1":[142,84],"p2":[151,76]},{"c":"l","p1":[151,76],"p2":[160,70]},{"c":"l","p1":[160,70],"p2":[174,68]},{"c":"l","p1":[174,68],"p2":[196,71]},{"c":"l","p1":[196,71],"p2":[213,79]},{"c":"l","p1":[213,79],"p2":[230,94]},{"c":"l","p1":[230,94],"p2":[247,110]},{"c":"l","p1":[247,110],"p2":[263,126]},{"c":"l","p1":[263,126],"p2":[274,140]},{"c":"l","p1":[274,140],"p2":[275,148]},{"c":"l","p1":[275,148],"p2":[270,154]},{"c":"l","p1":[270,154],"p2":[251,157]},{"c":"l","p1":[251,157],"p2":[230,157]},{"c":"l","p1":[230,157],"p2":[199,156]},{"c":"l","p1":[199,156],"p2":[151,151]},{"c":"l","p1":[151,151],"p2":[123,147]},{"c":"l","p1":[123,147],"p2":[110,146]},{"c":"l","p1":[110,146],"p2":[98,143]},{"c":"l","p1":[98,143],"p2":[89,139]},{"c":"l","p1":[89,139],"p2":[86,136]},{"c":"l","p1":[86,136],"p2":[86,131]},{"c":"l","p1":[86,131],"p2":[87,120]},{"c":"l","p1":[87,120],"p2":[95,108]},{"c":"l","p1":[95,108],"p2":[109,96]},{"c":"l","p1":[109,96],"p2":[125,87]},{"c":"l","p1":[125,87],"p2":[131,85]},{"c":"l","p1":[131,85],"p2":[138,85]},{"c":"l","p1":[138,85],"p2":[140,85]},{"c":"l","p1":[140,85],"p2":[144,85]},{"c":"l","p1":[144,85],"p2":[147,84]},{"c":"l","p1":[147,84],"p2":[147,85]},{"c":"l","p1":[147,85],"p2":[141,87]},{"c":"l","p1":[141,87],"p2":[132,87]},{"c":"l","p1":[132,87],"p2":[122,86]},{"c":"l","p1":[122,86],"p2":[112,82]},{"c":"l","p1":[112,82],"p2":[107,79]},{"c":"l","p1":[107,79],"p2":[104,77]},{"c":"l","p1":[104,77],"p2":[105,74]},{"c":"l","p1":[105,74],"p2":[118,68]},{"c":"l","p1":[118,68],"p2":[144,66]},{"c":"l","p1":[144,66],"p2":[168,66]},{"c":"l","p1":[168,66],"p2":[185,66]},{"c":"l","p1":[185,66],"p2":[197,66]},{"c":"l","p1":[197,66],"p2":[196,66]},{"c":"l","p1":[196,66],"p2":[191,67]},{"c":"l","p1":[191,67],"p2":[177,69]},{"c":"l","p1":[177,69],"p2":[153,69]},{"c":"l","p1":[153,69],"p2":[130,69]},{"c":"l","p1":[130,69],"p2":[107,69]},{"c":"l","p1":[107,69],"p2":[85,69]},{"c":"l","p1":[85,69],"p2":[71,68]},{"c":"l","p1":[71,68],"p2":[66,68]},{"c":"l","p1":[66,68],"p2":[67,68]},{"c":"l","p1":[67,68],"p2":[76,71]},{"c":"l","p1":[76,71],"p2":[95,77]},{"c":"l","p1":[95,77],"p2":[113,82]},{"c":"l","p1":[113,82],"p2":[133,85]},{"c":"l","p1":[133,85],"p2":[146,86]},{"c":"l","p1":[146,86],"p2":[155,87]},{"c":"l","p1":[155,87],"p2":[156,87]},{"c":"l","p1":[156,87],"p2":[160,86]},{"c":"l","p1":[160,86],"p2":[155,81]},{"c":"l","p1":[155,81],"p2":[133,69]},{"c":"l","p1":[133,69],"p2":[98,46]},{"c":"l","p1":[98,46],"p2":[72,32]},{"c":"l","p1":[72,32],"p2":[55,24]},{"c":"l","p1":[55,24],"p2":[51,22]},{"c":"l","p1":[51,22],"p2":[51,28]},{"c":"l","p1":[51,28],"p2":[58,34]},{"c":"l","p1":[58,34],"p2":[82,48]},{"c":"l","p1":[82,48],"p2":[109,61]},{"c":"l","p1":[109,61],"p2":[146,71]},{"c":"l","p1":[146,71],"p2":[176,81]},{"c":"l","p1":[176,81],"p2":[198,88]},{"c":"l","p1":[198,88],"p2":[211,90]},{"c":"l","p1":[211,90],"p2":[213,90]},{"c":"l","p1":[213,90],"p2":[209,89]},{"c":"l","p1":[209,89],"p2":[193,84]},{"c":"l","p1":[193,84],"p2":[162,76]},{"c":"l","p1":[162,76],"p2":[135,69]},{"c":"l","p1":[135,69],"p2":[115,65]},{"c":"l","p1":[115,65],"p2":[109,65]},{"c":"l","p1":[109,65],"p2":[115,65]},{"c":"l","p1":[115,65],"p2":[126,67]},{"c":"l","p1":[126,67],"p2":[150,74]},{"c":"l","p1":[150,74],"p2":[174,84]},{"c":"l","p1":[174,84],"p2":[193,93]},{"c":"l","p1":[193,93],"p2":[205,100]},{"c":"l","p1":[205,100],"p2":[212,105]},{"c":"l","p1":[212,105],"p2":[209,103]},{"c":"l","p1":[209,103],"p2":[193,93]},{"c":"l","p1":[193,93],"p2":[179,85]},{"c":"l","p1":[179,85],"p2":[168,76]},{"c":"l","p1":[168,76],"p2":[157,68]},{"c":"l","p1":[157,68],"p2":[150,63]},{"c":"l","p1":[150,63],"p2":[147,61]},{"c":"l","p1":[147,61],"p2":[151,62]},{"c":"l","p1":[151,62],"p2":[159,64]},{"c":"l","p1":[159,64],"p2":[164,65]},{"c":"l","p1":[164,65],"p2":[168,67]},{"c":"l","p1":[168,67],"p2":[174,69]},{"c":"l","p1":[174,69],"p2":[185,74]},{"c":"l","p1":[185,74],"p2":[194,78]},{"c":"l","p1":[194,78],"p2":[201,80]},{"c":"l","p1":[201,80],"p2":[207,82]},{"c":"l","p1":[207,82],"p2":[210,82]}]
[Fri, 30 Mar 2012 04:44:19 GMT] INFO ID:eOnp9mEnoj
[Fri, 30 Mar 2012 04:44:19 GMT] INFO drawData:[{"c":"l","p1":[],"p2":[129,73]},{"c":"l","p1":[129,73],"p2":[129,75]},{"c":"l","p1":[129,75],"p2":[129,77]},{"c":"l","p1":[129,77],"p2":[130,80]},{"c":"l","p1":[130,80],"p2":[132,86]},{"c":"l","p1":[132,86],"p2":[138,102]},{"c":"l","p1":[138,102],"p2":[145,113]},{"c":"l","p1":[145,113],"p2":[151,123]},{"c":"l","p1":[151,123],"p2":[158,136]},{"c":"l","p1":[158,136],"p2":[164,146]},{"c":"l","p1":[164,146],"p2":[178,157]},{"c":"l","p1":[178,157],"p2":[193,162]},{"c":"l","p1":[193,162],"p2":[207,162]},{"c":"l","p1":[207,162],"p2":[219,157]},{"c":"l","p1":[219,157],"p2":[230,148]},{"c":"l","p1":[230,148],"p2":[243,137]},{"c":"l","p1":[243,137],"p2":[254,124]},{"c":"l","p1":[254,124],"p2":[261,108]},{"c":"l","p1":[261,108],"p2":[264,100]},{"c":"l","p1":[264,100],"p2":[265,88]},{"c":"l","p1":[265,88],"p2":[265,74]},{"c":"l","p1":[265,74],"p2":[258,59]},{"c":"l","p1":[258,59],"p2":[252,49]},{"c":"l","p1":[252,49],"p2":[241,37]},{"c":"l","p1":[241,37],"p2":[230,32]},{"c":"l","p1":[230,32],"p2":[215,26]},{"c":"l","p1":[215,26],"p2":[203,25]},{"c":"l","p1":[203,25],"p2":[190,26]},{"c":"l","p1":[190,26],"p2":[174,30]},{"c":"l","p1":[174,30],"p2":[158,37]},{"c":"l","p1":[158,37],"p2":[146,46]},{"c":"l","p1":[146,46],"p2":[134,60]},{"c":"l","p1":[134,60],"p2":[127,71]},{"c":"l","p1":[127,71],"p2":[124,78]},{"c":"l","p1":[124,78],"p2":[123,85]},{"c":"l","p1":[123,85],"p2":[122,99]},{"c":"l","p1":[122,99],"p2":[122,110]},{"c":"l","p1":[122,110],"p2":[131,125]},{"c":"l","p1":[131,125],"p2":[142,138]},{"c":"l","p1":[],"p2":[217,159]},{"c":"l","p1":[217,159],"p2":[211,159]},{"c":"l","p1":[211,159],"p2":[206,159]},{"c":"l","p1":[206,159],"p2":[200,159]},{"c":"l","p1":[200,159],"p2":[195,158]},{"c":"l","p1":[195,158],"p2":[190,155]},{"c":"l","p1":[190,155],"p2":[183,152]},{"c":"l","p1":[183,152],"p2":[175,147]},{"c":"l","p1":[175,147],"p2":[167,143]},{"c":"l","p1":[167,143],"p2":[153,131]},{"c":"l","p1":[153,131],"p2":[147,122]},{"c":"l","p1":[147,122],"p2":[143,112]},{"c":"l","p1":[143,112],"p2":[139,100]},{"c":"l","p1":[139,100],"p2":[142,84]},{"c":"l","p1":[142,84],"p2":[151,76]},{"c":"l","p1":[151,76],"p2":[160,70]},{"c":"l","p1":[160,70],"p2":[174,68]},{"c":"l","p1":[174,68],"p2":[196,71]},{"c":"l","p1":[196,71],"p2":[213,79]},{"c":"l","p1":[213,79],"p2":[230,94]},{"c":"l","p1":[230,94],"p2":[247,110]},{"c":"l","p1":[247,110],"p2":[263,126]},{"c":"l","p1":[263,126],"p2":[274,140]},{"c":"l","p1":[274,140],"p2":[275,148]},{"c":"l","p1":[275,148],"p2":[270,154]},{"c":"l","p1":[270,154],"p2":[251,157]},{"c":"l","p1":[251,157],"p2":[230,157]},{"c":"l","p1":[230,157],"p2":[199,156]},{"c":"l","p1":[199,156],"p2":[151,151]},{"c":"l","p1":[151,151],"p2":[123,147]},{"c":"l","p1":[123,147],"p2":[110,146]},{"c":"l","p1":[110,146],"p2":[98,143]},{"c":"l","p1":[98,143],"p2":[89,139]},{"c":"l","p1":[89,139],"p2":[86,136]},{"c":"l","p1":[86,136],"p2":[86,131]},{"c":"l","p1":[86,131],"p2":[87,120]},{"c":"l","p1":[87,120],"p2":[95,108]},{"c":"l","p1":[95,108],"p2":[109,96]},{"c":"l","p1":[109,96],"p2":[125,87]},{"c":"l","p1":[125,87],"p2":[131,85]},{"c":"l","p1":[131,85],"p2":[138,85]},{"c":"l","p1":[138,85],"p2":[140,85]},{"c":"l","p1":[140,85],"p2":[144,85]},{"c":"l","p1":[144,85],"p2":[147,84]},{"c":"l","p1":[147,84],"p2":[147,85]},{"c":"l","p1":[147,85],"p2":[141,87]},{"c":"l","p1":[141,87],"p2":[132,87]},{"c":"l","p1":[132,87],"p2":[122,86]},{"c":"l","p1":[122,86],"p2":[112,82]},{"c":"l","p1":[112,82],"p2":[107,79]},{"c":"l","p1":[107,79],"p2":[104,77]},{"c":"l","p1":[104,77],"p2":[105,74]},{"c":"l","p1":[105,74],"p2":[118,68]},{"c":"l","p1":[118,68],"p2":[144,66]},{"c":"l","p1":[144,66],"p2":[168,66]},{"c":"l","p1":[168,66],"p2":[185,66]},{"c":"l","p1":[185,66],"p2":[197,66]},{"c":"l","p1":[197,66],"p2":[196,66]},{"c":"l","p1":[196,66],"p2":[191,67]},{"c":"l","p1":[191,67],"p2":[177,69]},{"c":"l","p1":[177,69],"p2":[153,69]},{"c":"l","p1":[153,69],"p2":[130,69]},{"c":"l","p1":[130,69],"p2":[107,69]},{"c":"l","p1":[107,69],"p2":[85,69]},{"c":"l","p1":[85,69],"p2":[71,68]},{"c":"l","p1":[71,68],"p2":[66,68]},{"c":"l","p1":[66,68],"p2":[67,68]},{"c":"l","p1":[67,68],"p2":[76,71]},{"c":"l","p1":[76,71],"p2":[95,77]},{"c":"l","p1":[95,77],"p2":[113,82]},{"c":"l","p1":[113,82],"p2":[133,85]},{"c":"l","p1":[133,85],"p2":[146,86]},{"c":"l","p1":[146,86],"p2":[155,87]},{"c":"l","p1":[155,87],"p2":[156,87]},{"c":"l","p1":[156,87],"p2":[160,86]},{"c":"l","p1":[160,86],"p2":[155,81]},{"c":"l","p1":[155,81],"p2":[133,69]},{"c":"l","p1":[133,69],"p2":[98,46]},{"c":"l","p1":[98,46],"p2":[72,32]},{"c":"l","p1":[72,32],"p2":[55,24]},{"c":"l","p1":[55,24],"p2":[51,22]},{"c":"l","p1":[51,22],"p2":[51,28]},{"c":"l","p1":[51,28],"p2":[58,34]},{"c":"l","p1":[58,34],"p2":[82,48]},{"c":"l","p1":[82,48],"p2":[109,61]},{"c":"l","p1":[109,61],"p2":[146,71]},{"c":"l","p1":[146,71],"p2":[176,81]},{"c":"l","p1":[176,81],"p2":[198,88]},{"c":"l","p1":[198,88],"p2":[211,90]},{"c":"l","p1":[211,90],"p2":[213,90]},{"c":"l","p1":[213,90],"p2":[209,89]},{"c":"l","p1":[209,89],"p2":[193,84]},{"c":"l","p1":[193,84],"p2":[162,76]},{"c":"l","p1":[162,76],"p2":[135,69]},{"c":"l","p1":[135,69],"p2":[115,65]},{"c":"l","p1":[115,65],"p2":[109,65]},{"c":"l","p1":[109,65],"p2":[115,65]},{"c":"l","p1":[115,65],"p2":[126,67]},{"c":"l","p1":[126,67],"p2":[150,74]},{"c":"l","p1":[150,74],"p2":[174,84]},{"c":"l","p1":[174,84],"p2":[193,93]},{"c":"l","p1":[193,93],"p2":[205,100]},{"c":"l","p1":[205,100],"p2":[212,105]},{"c":"l","p1":[212,105],"p2":[209,103]},{"c":"l","p1":[209,103],"p2":[193,93]},{"c":"l","p1":[193,93],"p2":[179,85]},{"c":"l","p1":[179,85],"p2":[168,76]},{"c":"l","p1":[168,76],"p2":[157,68]},{"c":"l","p1":[157,68],"p2":[150,63]},{"c":"l","p1":[150,63],"p2":[147,61]},{"c":"l","p1":[147,61],"p2":[151,62]},{"c":"l","p1":[151,62],"p2":[159,64]},{"c":"l","p1":[159,64],"p2":[164,65]},{"c":"l","p1":[164,65],"p2":[168,67]},{"c":"l","p1":[168,67],"p2":[174,69]},{"c":"l","p1":[174,69],"p2":[185,74]},{"c":"l","p1":[185,74],"p2":[194,78]},{"c":"l","p1":[194,78],"p2":[201,80]},{"c":"l","p1":[201,80],"p2":[207,82]},{"c":"l","p1":[207,82],"p2":[210,82]}]
