[Fri, 30 Mar 2012 03:41:09 GMT] INFO Server starting with config: {
  "environment": "development",
  "workers": 1,
  "port": 4000,
  "debug": true,
  "rotateWorkers": false,
  "rotationWindow": 7200000,
  "rotationTimeout": 300000,
  "logDir": "/Users/luke/Game/geddygame/log",
  "gracefulShutdownTimeout": 30000,
  "heartbeatInterval": 5000,
  "heartbeatWindow": 20000,
  "staticFilePath": "/Users/luke/Game/geddygame/public",
  "sessions": {
    "store": "memory",
    "key": "sid",
    "expiry": 1209600
  },
  "cookieSessionKey": "sdata",
  "metrics": null,
  "i18n": {
    "defaultLocale": "en-us",
    "loadPaths": [
      "/Users/luke/Game/geddygame/config/locales"
    ]
  },
  "ssl": null,
  "model": {
    "useTimestamps": false,
    "forceCamel": true
  },
  "detailedErrors": true,
  "hostname": null
}
[Fri, 30 Mar 2012 03:41:09 GMT] INFO Creating 1 worker process.
[Fri, 30 Mar 2012 03:41:10 GMT] DEBUG Ensuring db connection.
[Fri, 30 Mar 2012 03:41:10 GMT] INFO Server worker running in development on port 4000 with a PID of: 9812
[Fri, 30 Mar 2012 03:41:10 GMT] DEBUG LOGGING STARTED ============================================
[Fri, 30 Mar 2012 03:41:10 GMT] DEBUG ============================================================
[Fri, 30 Mar 2012 03:41:10 GMT] DEBUG Opened MongoDB connection.
[Fri, 30 Mar 2012 03:43:56 GMT] INFO INTERN!
[Fri, 30 Mar 2012 03:43:56 GMT] INFO match type is  object
[Fri, 30 Mar 2012 03:43:56 GMT] INFO load in intern: game is null
[Fri, 30 Mar 2012 03:43:56 GMT] INFO create game is: {"id":"XFM2Ets3bL","type":"Game"}
[Fri, 30 Mar 2012 03:43:56 GMT] DEBUG Saving game: {"id":"XFM2Ets3bL","type":"Game"}
[Fri, 30 Mar 2012 03:43:56 GMT] DEBUG Found persist db connection.
[Fri, 30 Mar 2012 03:43:56 GMT] DEBUG Ensuring game collection
[Fri, 30 Mar 2012 03:43:56 GMT] DEBUG Got collection: [object Object]
[Fri, 30 Mar 2012 03:43:56 GMT] DEBUG TODO ryknuth: insert actual game when structure is complete.
